[2025-06-05 14:37:43,395] multiqc.core.version_check                         [WARNING]  MultiQC Version v1.29 now available!
[2025-06-05 14:37:43,397] multiqc.core.file_search                           [INFO   ]  Search path: /home/sooriyakks/Documents/analysis/esc/2025-06/2025-06-05_esc033/analysis/qc/fastqc/C77_1_DKDL250004170-1A_22YNKMLT3_L8_1_fastqc.html
[2025-06-05 14:37:43,397] multiqc.core.file_search                           [INFO   ]  Search path: /home/sooriyakks/Documents/analysis/esc/2025-06/2025-06-05_esc033/analysis/qc/fastqc/C77_1_DKDL250004170-1A_22YNKMLT3_L8_1_fastqc.zip
[2025-06-05 14:37:43,397] multiqc.core.file_search                           [INFO   ]  Search path: /home/sooriyakks/Documents/analysis/esc/2025-06/2025-06-05_esc033/analysis/qc/fastqc/C77_2_DKDL250004171-1A_22YNKMLT3_L8_1_fastqc.html
[2025-06-05 14:37:43,397] multiqc.core.file_search                           [INFO   ]  Search path: /home/sooriyakks/Documents/analysis/esc/2025-06/2025-06-05_esc033/analysis/qc/fastqc/C77_2_DKDL250004171-1A_22YNKMLT3_L8_1_fastqc.zip
[2025-06-05 14:37:43,397] multiqc.core.file_search                           [INFO   ]  Search path: /home/sooriyakks/Documents/analysis/esc/2025-06/2025-06-05_esc033/analysis/qc/fastqc/C77_3_DKDL250004186-1A_22YNKMLT3_L5_1_fastqc.html
[2025-06-05 14:37:43,397] multiqc.core.file_search                           [INFO   ]  Search path: /home/sooriyakks/Documents/analysis/esc/2025-06/2025-06-05_esc033/analysis/qc/fastqc/C77_3_DKDL250004186-1A_22YNKMLT3_L5_1_fastqc.zip
[2025-06-05 14:37:43,397] multiqc.core.file_search                           [INFO   ]  Search path: /home/sooriyakks/Documents/analysis/esc/2025-06/2025-06-05_esc033/analysis/qc/fastqc/C77_4_DKDL250004187-1A_22YNKMLT3_L6_1_fastqc.html
[2025-06-05 14:37:43,397] multiqc.core.file_search                           [INFO   ]  Search path: /home/sooriyakks/Documents/analysis/esc/2025-06/2025-06-05_esc033/analysis/qc/fastqc/C77_4_DKDL250004187-1A_22YNKMLT3_L6_1_fastqc.zip
[2025-06-05 14:37:43,397] multiqc.core.file_search                           [INFO   ]  Search path: /home/sooriyakks/Documents/analysis/esc/2025-06/2025-06-05_esc033/analysis/qc/fastqc/VSVG_1_DKDL250004158-1A_22YNKMLT3_L8_1_fastqc.html
[2025-06-05 14:37:43,397] multiqc.core.file_search                           [INFO   ]  Search path: /home/sooriyakks/Documents/analysis/esc/2025-06/2025-06-05_esc033/analysis/qc/fastqc/VSVG_1_DKDL250004158-1A_22YNKMLT3_L8_1_fastqc.zip
[2025-06-05 14:37:43,397] multiqc.core.file_search                           [INFO   ]  Search path: /home/sooriyakks/Documents/analysis/esc/2025-06/2025-06-05_esc033/analysis/qc/fastqc/VSVG_2_DKDL250004159-1A_22YNKMLT3_L8_1_fastqc.html
[2025-06-05 14:37:43,397] multiqc.core.file_search                           [INFO   ]  Search path: /home/sooriyakks/Documents/analysis/esc/2025-06/2025-06-05_esc033/analysis/qc/fastqc/VSVG_2_DKDL250004159-1A_22YNKMLT3_L8_1_fastqc.zip
[2025-06-05 14:37:43,397] multiqc.core.file_search                           [INFO   ]  Search path: /home/sooriyakks/Documents/analysis/esc/2025-06/2025-06-05_esc033/analysis/qc/fastqc/VSVG_3_DKDL250004174-1A_22YNKMLT3_L6_1_fastqc.html
[2025-06-05 14:37:43,397] multiqc.core.file_search                           [INFO   ]  Search path: /home/sooriyakks/Documents/analysis/esc/2025-06/2025-06-05_esc033/analysis/qc/fastqc/VSVG_3_DKDL250004174-1A_22YNKMLT3_L6_1_fastqc.zip
[2025-06-05 14:37:43,397] multiqc.core.file_search                           [INFO   ]  Search path: /home/sooriyakks/Documents/analysis/esc/2025-06/2025-06-05_esc033/analysis/qc/fastqc/VSVG_4_DKDL250004175-1A_22YNKMLT3_L5_1_fastqc.html
[2025-06-05 14:37:43,397] multiqc.core.file_search                           [INFO   ]  Search path: /home/sooriyakks/Documents/analysis/esc/2025-06/2025-06-05_esc033/analysis/qc/fastqc/VSVG_4_DKDL250004175-1A_22YNKMLT3_L5_1_fastqc.zip
[2025-06-05 14:37:43,397] multiqc.core.file_search                           [INFO   ]  Search path: /home/sooriyakks/Documents/analysis/esc/2025-06/2025-06-05_esc033/analysis/qc/fastqc/WT_025_1_DKDL250004160-1A_22YNKMLT3_L8_1_fastqc.html
[2025-06-05 14:37:43,398] multiqc.core.file_search                           [INFO   ]  Search path: /home/sooriyakks/Documents/analysis/esc/2025-06/2025-06-05_esc033/analysis/qc/fastqc/WT_025_1_DKDL250004160-1A_22YNKMLT3_L8_1_fastqc.zip
[2025-06-05 14:37:43,398] multiqc.core.file_search                           [INFO   ]  Search path: /home/sooriyakks/Documents/analysis/esc/2025-06/2025-06-05_esc033/analysis/qc/fastqc/WT_025_2_DKDL250004161-1A_22YNKMLT3_L8_1_fastqc.html
[2025-06-05 14:37:43,398] multiqc.core.file_search                           [INFO   ]  Search path: /home/sooriyakks/Documents/analysis/esc/2025-06/2025-06-05_esc033/analysis/qc/fastqc/WT_025_2_DKDL250004161-1A_22YNKMLT3_L8_1_fastqc.zip
[2025-06-05 14:37:43,398] multiqc.core.file_search                           [INFO   ]  Search path: /home/sooriyakks/Documents/analysis/esc/2025-06/2025-06-05_esc033/analysis/qc/fastqc/WT_025_3_DKDL250004176-1A_22YNKMLT3_L6_1_fastqc.html
[2025-06-05 14:37:43,398] multiqc.core.file_search                           [INFO   ]  Search path: /home/sooriyakks/Documents/analysis/esc/2025-06/2025-06-05_esc033/analysis/qc/fastqc/WT_025_3_DKDL250004176-1A_22YNKMLT3_L6_1_fastqc.zip
[2025-06-05 14:37:43,398] multiqc.core.file_search                           [INFO   ]  Search path: /home/sooriyakks/Documents/analysis/esc/2025-06/2025-06-05_esc033/analysis/qc/fastqc/WT_025_4_DKDL250004177-1A_22YNKMLT3_L6_1_fastqc.html
[2025-06-05 14:37:43,398] multiqc.core.file_search                           [INFO   ]  Search path: /home/sooriyakks/Documents/analysis/esc/2025-06/2025-06-05_esc033/analysis/qc/fastqc/WT_025_4_DKDL250004177-1A_22YNKMLT3_L6_1_fastqc.zip
[2025-06-05 14:37:43,398] multiqc.core.file_search                           [INFO   ]  Search path: /home/sooriyakks/Documents/analysis/esc/2025-06/2025-06-05_esc033/analysis/qc/fastqc/WT_1_1_DKDL250004162-1A_22YNKMLT3_L8_1_fastqc.html
[2025-06-05 14:37:43,398] multiqc.core.file_search                           [INFO   ]  Search path: /home/sooriyakks/Documents/analysis/esc/2025-06/2025-06-05_esc033/analysis/qc/fastqc/WT_1_1_DKDL250004162-1A_22YNKMLT3_L8_1_fastqc.zip
[2025-06-05 14:37:43,398] multiqc.core.file_search                           [INFO   ]  Search path: /home/sooriyakks/Documents/analysis/esc/2025-06/2025-06-05_esc033/analysis/qc/fastqc/WT_1_2_DKDL250004163-1A_22YNKMLT3_L8_1_fastqc.html
[2025-06-05 14:37:43,398] multiqc.core.file_search                           [INFO   ]  Search path: /home/sooriyakks/Documents/analysis/esc/2025-06/2025-06-05_esc033/analysis/qc/fastqc/WT_1_2_DKDL250004163-1A_22YNKMLT3_L8_1_fastqc.zip
[2025-06-05 14:37:43,398] multiqc.core.file_search                           [INFO   ]  Search path: /home/sooriyakks/Documents/analysis/esc/2025-06/2025-06-05_esc033/analysis/qc/fastqc/WT_1_3_DKDL250004178-1A_22YNKMLT3_L6_1_fastqc.html
[2025-06-05 14:37:43,398] multiqc.core.file_search                           [INFO   ]  Search path: /home/sooriyakks/Documents/analysis/esc/2025-06/2025-06-05_esc033/analysis/qc/fastqc/WT_1_3_DKDL250004178-1A_22YNKMLT3_L6_1_fastqc.zip
[2025-06-05 14:37:43,398] multiqc.core.file_search                           [INFO   ]  Search path: /home/sooriyakks/Documents/analysis/esc/2025-06/2025-06-05_esc033/analysis/qc/fastqc/WT_1_4_DKDL250004179-1A_22YNKMLT3_L6_1_fastqc.html
[2025-06-05 14:37:43,398] multiqc.core.file_search                           [INFO   ]  Search path: /home/sooriyakks/Documents/analysis/esc/2025-06/2025-06-05_esc033/analysis/qc/fastqc/WT_1_4_DKDL250004179-1A_22YNKMLT3_L6_1_fastqc.zip
[2025-06-05 14:37:43,398] multiqc.core.file_search                           [INFO   ]  Search path: /home/sooriyakks/Documents/analysis/esc/2025-06/2025-06-05_esc033/analysis/qc/fastqc/WT_4_1_DKDL250004164-1A_22YNKMLT3_L8_1_fastqc.html
[2025-06-05 14:37:43,398] multiqc.core.file_search                           [INFO   ]  Search path: /home/sooriyakks/Documents/analysis/esc/2025-06/2025-06-05_esc033/analysis/qc/fastqc/WT_4_1_DKDL250004164-1A_22YNKMLT3_L8_1_fastqc.zip
[2025-06-05 14:37:43,398] multiqc.core.file_search                           [INFO   ]  Search path: /home/sooriyakks/Documents/analysis/esc/2025-06/2025-06-05_esc033/analysis/qc/fastqc/WT_4_2_DKDL250004165-1A_22YNKMLT3_L8_1_fastqc.html
[2025-06-05 14:37:43,398] multiqc.core.file_search                           [INFO   ]  Search path: /home/sooriyakks/Documents/analysis/esc/2025-06/2025-06-05_esc033/analysis/qc/fastqc/WT_4_2_DKDL250004165-1A_22YNKMLT3_L8_1_fastqc.zip
[2025-06-05 14:37:43,398] multiqc.core.file_search                           [INFO   ]  Search path: /home/sooriyakks/Documents/analysis/esc/2025-06/2025-06-05_esc033/analysis/qc/fastqc/WT_4_3_DKDL250004180-1A_22YNKMLT3_L6_1_fastqc.html
[2025-06-05 14:37:43,398] multiqc.core.file_search                           [INFO   ]  Search path: /home/sooriyakks/Documents/analysis/esc/2025-06/2025-06-05_esc033/analysis/qc/fastqc/WT_4_3_DKDL250004180-1A_22YNKMLT3_L6_1_fastqc.zip
[2025-06-05 14:37:43,398] multiqc.core.file_search                           [INFO   ]  Search path: /home/sooriyakks/Documents/analysis/esc/2025-06/2025-06-05_esc033/analysis/qc/fastqc/WT_4_4_DKDL250004181-1A_22YNKMLT3_L6_1_fastqc.html
[2025-06-05 14:37:43,398] multiqc.core.file_search                           [INFO   ]  Search path: /home/sooriyakks/Documents/analysis/esc/2025-06/2025-06-05_esc033/analysis/qc/fastqc/WT_4_4_DKDL250004181-1A_22YNKMLT3_L6_1_fastqc.zip
[2025-06-05 14:37:43,398] multiqc.core.file_search                           [INFO   ]  Search path: /home/sooriyakks/Documents/analysis/esc/2025-06/2025-06-05_esc033/analysis/qc/fastqc/X15_1_DKDL250004156-1A_22YNKMLT3_L8_1_fastqc.html
[2025-06-05 14:37:43,399] multiqc.core.file_search                           [INFO   ]  Search path: /home/sooriyakks/Documents/analysis/esc/2025-06/2025-06-05_esc033/analysis/qc/fastqc/X15_1_DKDL250004156-1A_22YNKMLT3_L8_1_fastqc.zip
[2025-06-05 14:37:43,399] multiqc.core.file_search                           [INFO   ]  Search path: /home/sooriyakks/Documents/analysis/esc/2025-06/2025-06-05_esc033/analysis/qc/fastqc/X15_2_DKDL250004157-1A_22YNKMLT3_L5_1_fastqc.html
[2025-06-05 14:37:43,399] multiqc.core.file_search                           [INFO   ]  Search path: /home/sooriyakks/Documents/analysis/esc/2025-06/2025-06-05_esc033/analysis/qc/fastqc/X15_2_DKDL250004157-1A_22YNKMLT3_L5_1_fastqc.zip
[2025-06-05 14:37:43,399] multiqc.core.file_search                           [INFO   ]  Search path: /home/sooriyakks/Documents/analysis/esc/2025-06/2025-06-05_esc033/analysis/qc/fastqc/X15_3_DKDL250004172-1A_22YNKMLT3_L6_1_fastqc.html
[2025-06-05 14:37:43,399] multiqc.core.file_search                           [INFO   ]  Search path: /home/sooriyakks/Documents/analysis/esc/2025-06/2025-06-05_esc033/analysis/qc/fastqc/X15_3_DKDL250004172-1A_22YNKMLT3_L6_1_fastqc.zip
[2025-06-05 14:37:43,399] multiqc.core.file_search                           [INFO   ]  Search path: /home/sooriyakks/Documents/analysis/esc/2025-06/2025-06-05_esc033/analysis/qc/fastqc/X15_4_DKDL250004173-1A_22YNKMLT3_L8_1_fastqc.html
[2025-06-05 14:37:43,399] multiqc.core.file_search                           [INFO   ]  Search path: /home/sooriyakks/Documents/analysis/esc/2025-06/2025-06-05_esc033/analysis/qc/fastqc/X15_4_DKDL250004173-1A_22YNKMLT3_L8_1_fastqc.zip
[2025-06-05 14:37:43,399] multiqc.core.file_search                           [INFO   ]  Search path: /home/sooriyakks/Documents/analysis/esc/2025-06/2025-06-05_esc033/analysis/qc/fastqc/YHA_025_1_DKDL250004166-1A_22YNKMLT3_L8_1_fastqc.html
[2025-06-05 14:37:43,399] multiqc.core.file_search                           [INFO   ]  Search path: /home/sooriyakks/Documents/analysis/esc/2025-06/2025-06-05_esc033/analysis/qc/fastqc/YHA_025_1_DKDL250004166-1A_22YNKMLT3_L8_1_fastqc.zip
[2025-06-05 14:37:43,399] multiqc.core.file_search                           [INFO   ]  Search path: /home/sooriyakks/Documents/analysis/esc/2025-06/2025-06-05_esc033/analysis/qc/fastqc/YHA_025_2_DKDL250004167-1A_22YNKMLT3_L8_1_fastqc.html
[2025-06-05 14:37:43,399] multiqc.core.file_search                           [INFO   ]  Search path: /home/sooriyakks/Documents/analysis/esc/2025-06/2025-06-05_esc033/analysis/qc/fastqc/YHA_025_2_DKDL250004167-1A_22YNKMLT3_L8_1_fastqc.zip
[2025-06-05 14:37:43,399] multiqc.core.file_search                           [INFO   ]  Search path: /home/sooriyakks/Documents/analysis/esc/2025-06/2025-06-05_esc033/analysis/qc/fastqc/YHA_025_3_DKDL250004182-1A_22YNKMLT3_L6_1_fastqc.html
[2025-06-05 14:37:43,399] multiqc.core.file_search                           [INFO   ]  Search path: /home/sooriyakks/Documents/analysis/esc/2025-06/2025-06-05_esc033/analysis/qc/fastqc/YHA_025_3_DKDL250004182-1A_22YNKMLT3_L6_1_fastqc.zip
[2025-06-05 14:37:43,399] multiqc.core.file_search                           [INFO   ]  Search path: /home/sooriyakks/Documents/analysis/esc/2025-06/2025-06-05_esc033/analysis/qc/fastqc/YHA_025_4_DKDL250004183-1A_22YNKMLT3_L6_1_fastqc.html
[2025-06-05 14:37:43,399] multiqc.core.file_search                           [INFO   ]  Search path: /home/sooriyakks/Documents/analysis/esc/2025-06/2025-06-05_esc033/analysis/qc/fastqc/YHA_025_4_DKDL250004183-1A_22YNKMLT3_L6_1_fastqc.zip
[2025-06-05 14:37:43,399] multiqc.core.file_search                           [INFO   ]  Search path: /home/sooriyakks/Documents/analysis/esc/2025-06/2025-06-05_esc033/analysis/qc/fastqc/YHA_1_1_DKDL250004168-1A_22YNKMLT3_L8_1_fastqc.html
[2025-06-05 14:37:43,399] multiqc.core.file_search                           [INFO   ]  Search path: /home/sooriyakks/Documents/analysis/esc/2025-06/2025-06-05_esc033/analysis/qc/fastqc/YHA_1_1_DKDL250004168-1A_22YNKMLT3_L8_1_fastqc.zip
[2025-06-05 14:37:43,399] multiqc.core.file_search                           [INFO   ]  Search path: /home/sooriyakks/Documents/analysis/esc/2025-06/2025-06-05_esc033/analysis/qc/fastqc/YHA_1_2_DKDL250004169-1A_22YNKMLT3_L8_1_fastqc.html
[2025-06-05 14:37:43,399] multiqc.core.file_search                           [INFO   ]  Search path: /home/sooriyakks/Documents/analysis/esc/2025-06/2025-06-05_esc033/analysis/qc/fastqc/YHA_1_2_DKDL250004169-1A_22YNKMLT3_L8_1_fastqc.zip
[2025-06-05 14:37:43,399] multiqc.core.file_search                           [INFO   ]  Search path: /home/sooriyakks/Documents/analysis/esc/2025-06/2025-06-05_esc033/analysis/qc/fastqc/YHA_1_3_DKDL250004184-1A_22YNKMLT3_L5_1_fastqc.html
[2025-06-05 14:37:43,399] multiqc.core.file_search                           [INFO   ]  Search path: /home/sooriyakks/Documents/analysis/esc/2025-06/2025-06-05_esc033/analysis/qc/fastqc/YHA_1_3_DKDL250004184-1A_22YNKMLT3_L5_1_fastqc.zip
[2025-06-05 14:37:43,399] multiqc.core.file_search                           [INFO   ]  Search path: /home/sooriyakks/Documents/analysis/esc/2025-06/2025-06-05_esc033/analysis/qc/fastqc/YHA_1_4_DKDL250004185-1A_22YNKMLT3_L6_1_fastqc.html
[2025-06-05 14:37:43,399] multiqc.core.file_search                           [INFO   ]  Search path: /home/sooriyakks/Documents/analysis/esc/2025-06/2025-06-05_esc033/analysis/qc/fastqc/YHA_1_4_DKDL250004185-1A_22YNKMLT3_L6_1_fastqc.zip
[2025-06-05 14:37:44,052] multiqc.modules.fastqc.fastqc                      [INFO   ]  Found 32 reports
