host: IDL-SPD-DPGXL34
Building DAG of jobs...
Using shell: /usr/bin/bash
Provided cores: 10
Rules claiming more threads will be scaled down.
Conda environments: ignored
Job stats:
job                              count
-----------------------------  -------
all                                  1
analyze_func_scores                  1
analyze_variant_counts               1
avg_func_effects                     1
build_docs                           1
count_barcodes                      32
cp_html                              2
func_effects_global_epistasis        4
func_scores                          4
notebook_html                        7
total                               54

Select jobs to execute...
Execute 10 jobs...

[Fri Jun 13 10:22:40 2025]
localrule count_barcodes:
    input: /home/sooriyakks/Documents/analysis/esc/2025-06/2025-06-05_esc033/trial/SARS-CoV-2_XBB.1.5_spike_DMS_VRC_A43-10.4/sequencing_data/Lib1-250605-YHA_1_3_L5_1.fq.gz, results/variants/codon_variants.csv
    output: results/barcode_counts/Lib1-250605-YHA_1_3_counts.csv, results/barcode_counts/Lib1-250605-YHA_1_3_invalid.csv, results/barcode_counts/Lib1-250605-YHA_1_3_fates.csv
    log: results/logs/count_barcodes_Lib1-250605-YHA_1_3.txt
    jobid: 30
    reason: Missing output files: results/barcode_counts/Lib1-250605-YHA_1_3_invalid.csv, results/barcode_counts/Lib1-250605-YHA_1_3_counts.csv, results/barcode_counts/Lib1-250605-YHA_1_3_fates.csv
    wildcards: sample=Lib1-250605-YHA_1_3
    resources: tmpdir=/tmp

[Fri Jun 13 10:22:40 2025]
localrule count_barcodes:
    input: /home/sooriyakks/Documents/analysis/esc/2025-06/2025-06-05_esc033/trial/SARS-CoV-2_XBB.1.5_spike_DMS_VRC_A43-10.4/sequencing_data/Lib1-250605-X15_2_L5_1.fq.gz, results/variants/codon_variants.csv
    output: results/barcode_counts/Lib1-250605-X15_2_counts.csv, results/barcode_counts/Lib1-250605-X15_2_invalid.csv, results/barcode_counts/Lib1-250605-X15_2_fates.csv
    log: results/logs/count_barcodes_Lib1-250605-X15_2.txt
    jobid: 25
    reason: Missing output files: results/barcode_counts/Lib1-250605-X15_2_invalid.csv, results/barcode_counts/Lib1-250605-X15_2_counts.csv, results/barcode_counts/Lib1-250605-X15_2_fates.csv
    wildcards: sample=Lib1-250605-X15_2
    resources: tmpdir=/tmp

[Fri Jun 13 10:22:40 2025]
localrule count_barcodes:
    input: /home/sooriyakks/Documents/analysis/esc/2025-06/2025-06-05_esc033/trial/SARS-CoV-2_XBB.1.5_spike_DMS_VRC_A43-10.4/sequencing_data/Lib1-250605-WT_025_4_L6_1.fq.gz, results/variants/codon_variants.csv
    output: results/barcode_counts/Lib1-250605-WT_025_4_counts.csv, results/barcode_counts/Lib1-250605-WT_025_4_invalid.csv, results/barcode_counts/Lib1-250605-WT_025_4_fates.csv
    log: results/logs/count_barcodes_Lib1-250605-WT_025_4.txt
    jobid: 23
    reason: Missing output files: results/barcode_counts/Lib1-250605-WT_025_4_counts.csv, results/barcode_counts/Lib1-250605-WT_025_4_invalid.csv, results/barcode_counts/Lib1-250605-WT_025_4_fates.csv
    wildcards: sample=Lib1-250605-WT_025_4
    resources: tmpdir=/tmp

[Fri Jun 13 10:22:40 2025]
localrule count_barcodes:
    input: /home/sooriyakks/Documents/analysis/esc/2025-06/2025-06-05_esc033/trial/SARS-CoV-2_XBB.1.5_spike_DMS_VRC_A43-10.4/sequencing_data/Lib1-250605-WT_4_3_L6_1.fq.gz, results/variants/codon_variants.csv
    output: results/barcode_counts/Lib1-250605-WT_4_3_counts.csv, results/barcode_counts/Lib1-250605-WT_4_3_invalid.csv, results/barcode_counts/Lib1-250605-WT_4_3_fates.csv
    log: results/logs/count_barcodes_Lib1-250605-WT_4_3.txt
    jobid: 18
    reason: Missing output files: results/barcode_counts/Lib1-250605-WT_4_3_counts.csv, results/barcode_counts/Lib1-250605-WT_4_3_fates.csv, results/barcode_counts/Lib1-250605-WT_4_3_invalid.csv
    wildcards: sample=Lib1-250605-WT_4_3
    resources: tmpdir=/tmp

[Fri Jun 13 10:22:40 2025]
localrule count_barcodes:
    input: /home/sooriyakks/Documents/analysis/esc/2025-06/2025-06-05_esc033/trial/SARS-CoV-2_XBB.1.5_spike_DMS_VRC_A43-10.4/sequencing_data/Lib1-250605-YHA_025_2_L8_1.fq.gz, results/variants/codon_variants.csv
    output: results/barcode_counts/Lib1-250605-YHA_025_2_counts.csv, results/barcode_counts/Lib1-250605-YHA_025_2_invalid.csv, results/barcode_counts/Lib1-250605-YHA_025_2_fates.csv
    log: results/logs/count_barcodes_Lib1-250605-YHA_025_2.txt
    jobid: 33
    reason: Missing output files: results/barcode_counts/Lib1-250605-YHA_025_2_counts.csv, results/barcode_counts/Lib1-250605-YHA_025_2_fates.csv, results/barcode_counts/Lib1-250605-YHA_025_2_invalid.csv
    wildcards: sample=Lib1-250605-YHA_025_2
    resources: tmpdir=/tmp

[Fri Jun 13 10:22:40 2025]
localrule count_barcodes:
    input: /home/sooriyakks/Documents/analysis/esc/2025-06/2025-06-05_esc033/trial/SARS-CoV-2_XBB.1.5_spike_DMS_VRC_A43-10.4/sequencing_data/Lib1-250605- C77_3_L5_1.fq.gz, results/variants/codon_variants.csv
    output: results/barcode_counts/Lib1-250605-C77_3_counts.csv, results/barcode_counts/Lib1-250605-C77_3_invalid.csv, results/barcode_counts/Lib1-250605-C77_3_fates.csv
    log: results/logs/count_barcodes_Lib1-250605-C77_3.txt
    jobid: 6
    reason: Missing output files: results/barcode_counts/Lib1-250605-C77_3_fates.csv, results/barcode_counts/Lib1-250605-C77_3_counts.csv, results/barcode_counts/Lib1-250605-C77_3_invalid.csv
    wildcards: sample=Lib1-250605-C77_3
    resources: tmpdir=/tmp

[Fri Jun 13 10:22:40 2025]
localrule count_barcodes:
    input: /home/sooriyakks/Documents/analysis/esc/2025-06/2025-06-05_esc033/trial/SARS-CoV-2_XBB.1.5_spike_DMS_VRC_A43-10.4/sequencing_data/Lib1-250605-X15_3_L6_1.fq.gz, results/variants/codon_variants.csv
    output: results/barcode_counts/Lib1-250605-X15_3_counts.csv, results/barcode_counts/Lib1-250605-X15_3_invalid.csv, results/barcode_counts/Lib1-250605-X15_3_fates.csv
    log: results/logs/count_barcodes_Lib1-250605-X15_3.txt
    jobid: 26
    reason: Missing output files: results/barcode_counts/Lib1-250605-X15_3_counts.csv, results/barcode_counts/Lib1-250605-X15_3_invalid.csv, results/barcode_counts/Lib1-250605-X15_3_fates.csv
    wildcards: sample=Lib1-250605-X15_3
    resources: tmpdir=/tmp

[Fri Jun 13 10:22:40 2025]
localrule count_barcodes:
    input: /home/sooriyakks/Documents/analysis/esc/2025-06/2025-06-05_esc033/trial/SARS-CoV-2_XBB.1.5_spike_DMS_VRC_A43-10.4/sequencing_data/Lib1-250605- VSVG_4_L5_1.fq.gz, results/variants/codon_variants.csv
    output: results/barcode_counts/Lib1-250605-VSVG_4_counts.csv, results/barcode_counts/Lib1-250605-VSVG_4_invalid.csv, results/barcode_counts/Lib1-250605-VSVG_4_fates.csv
    log: results/logs/count_barcodes_Lib1-250605-VSVG_4.txt
    jobid: 11
    reason: Missing output files: results/barcode_counts/Lib1-250605-VSVG_4_invalid.csv, results/barcode_counts/Lib1-250605-VSVG_4_counts.csv, results/barcode_counts/Lib1-250605-VSVG_4_fates.csv
    wildcards: sample=Lib1-250605-VSVG_4
    resources: tmpdir=/tmp

[Fri Jun 13 10:22:40 2025]
localrule count_barcodes:
    input: /home/sooriyakks/Documents/analysis/esc/2025-06/2025-06-05_esc033/trial/SARS-CoV-2_XBB.1.5_spike_DMS_VRC_A43-10.4/sequencing_data/Lib1-250605-WT_025_2_L8_1.fq.gz, results/variants/codon_variants.csv
    output: results/barcode_counts/Lib1-250605-WT_025_2_counts.csv, results/barcode_counts/Lib1-250605-WT_025_2_invalid.csv, results/barcode_counts/Lib1-250605-WT_025_2_fates.csv
    log: results/logs/count_barcodes_Lib1-250605-WT_025_2.txt
    jobid: 21
    reason: Missing output files: results/barcode_counts/Lib1-250605-WT_025_2_fates.csv, results/barcode_counts/Lib1-250605-WT_025_2_invalid.csv, results/barcode_counts/Lib1-250605-WT_025_2_counts.csv
    wildcards: sample=Lib1-250605-WT_025_2
    resources: tmpdir=/tmp

[Fri Jun 13 10:22:40 2025]
localrule count_barcodes:
    input: /home/sooriyakks/Documents/analysis/esc/2025-06/2025-06-05_esc033/trial/SARS-CoV-2_XBB.1.5_spike_DMS_VRC_A43-10.4/sequencing_data/Lib1-250605-WT_1_3_L6_1.fq.gz, results/variants/codon_variants.csv
    output: results/barcode_counts/Lib1-250605-WT_1_3_counts.csv, results/barcode_counts/Lib1-250605-WT_1_3_invalid.csv, results/barcode_counts/Lib1-250605-WT_1_3_fates.csv
    log: results/logs/count_barcodes_Lib1-250605-WT_1_3.txt
    jobid: 14
    reason: Missing output files: results/barcode_counts/Lib1-250605-WT_1_3_counts.csv, results/barcode_counts/Lib1-250605-WT_1_3_fates.csv, results/barcode_counts/Lib1-250605-WT_1_3_invalid.csv
    wildcards: sample=Lib1-250605-WT_1_3
    resources: tmpdir=/tmp

[Fri Jun 13 10:23:01 2025]
Finished job 25.
1 of 54 steps (2%) done
Select jobs to execute...
Execute 1 jobs...

[Fri Jun 13 10:23:01 2025]
localrule count_barcodes:
    input: /home/sooriyakks/Documents/analysis/esc/2025-06/2025-06-05_esc033/trial/SARS-CoV-2_XBB.1.5_spike_DMS_VRC_A43-10.4/sequencing_data/Lib1-250605-YHA_1_1_L8_1.fq.gz, results/variants/codon_variants.csv
    output: results/barcode_counts/Lib1-250605-YHA_1_1_counts.csv, results/barcode_counts/Lib1-250605-YHA_1_1_invalid.csv, results/barcode_counts/Lib1-250605-YHA_1_1_fates.csv
    log: results/logs/count_barcodes_Lib1-250605-YHA_1_1.txt
    jobid: 28
    reason: Missing output files: results/barcode_counts/Lib1-250605-YHA_1_1_counts.csv, results/barcode_counts/Lib1-250605-YHA_1_1_invalid.csv, results/barcode_counts/Lib1-250605-YHA_1_1_fates.csv
    wildcards: sample=Lib1-250605-YHA_1_1
    resources: tmpdir=/tmp

[Fri Jun 13 10:23:01 2025]
Finished job 30.
2 of 54 steps (4%) done
Select jobs to execute...
Execute 1 jobs...

[Fri Jun 13 10:23:01 2025]
localrule count_barcodes:
    input: /home/sooriyakks/Documents/analysis/esc/2025-06/2025-06-05_esc033/trial/SARS-CoV-2_XBB.1.5_spike_DMS_VRC_A43-10.4/sequencing_data/Lib1-250605- WT_1_2_L8_1.fq.gz, results/variants/codon_variants.csv
    output: results/barcode_counts/Lib1-250605-WT_1_2_counts.csv, results/barcode_counts/Lib1-250605-WT_1_2_invalid.csv, results/barcode_counts/Lib1-250605-WT_1_2_fates.csv
    log: results/logs/count_barcodes_Lib1-250605-WT_1_2.txt
    jobid: 13
    reason: Missing output files: results/barcode_counts/Lib1-250605-WT_1_2_invalid.csv, results/barcode_counts/Lib1-250605-WT_1_2_counts.csv, results/barcode_counts/Lib1-250605-WT_1_2_fates.csv
    wildcards: sample=Lib1-250605-WT_1_2
    resources: tmpdir=/tmp

[Fri Jun 13 10:23:02 2025]
Finished job 33.
3 of 54 steps (6%) done
Select jobs to execute...
Execute 1 jobs...

[Fri Jun 13 10:23:02 2025]
localrule count_barcodes:
    input: /home/sooriyakks/Documents/analysis/esc/2025-06/2025-06-05_esc033/trial/SARS-CoV-2_XBB.1.5_spike_DMS_VRC_A43-10.4/sequencing_data/Lib1-250605-WT_1_4_L6_1.fq.gz, results/variants/codon_variants.csv
    output: results/barcode_counts/Lib1-250605-WT_1_4_counts.csv, results/barcode_counts/Lib1-250605-WT_1_4_invalid.csv, results/barcode_counts/Lib1-250605-WT_1_4_fates.csv
    log: results/logs/count_barcodes_Lib1-250605-WT_1_4.txt
    jobid: 15
    reason: Missing output files: results/barcode_counts/Lib1-250605-WT_1_4_fates.csv, results/barcode_counts/Lib1-250605-WT_1_4_invalid.csv, results/barcode_counts/Lib1-250605-WT_1_4_counts.csv
    wildcards: sample=Lib1-250605-WT_1_4
    resources: tmpdir=/tmp

[Fri Jun 13 10:23:07 2025]
Finished job 23.
4 of 54 steps (7%) done
Select jobs to execute...
Execute 1 jobs...

[Fri Jun 13 10:23:07 2025]
localrule count_barcodes:
    input: /home/sooriyakks/Documents/analysis/esc/2025-06/2025-06-05_esc033/trial/SARS-CoV-2_XBB.1.5_spike_DMS_VRC_A43-10.4/sequencing_data/Lib1-250605- C77_2_L8_1.fq.gz, results/variants/codon_variants.csv
    output: results/barcode_counts/Lib1-250605-C77_2_counts.csv, results/barcode_counts/Lib1-250605-C77_2_invalid.csv, results/barcode_counts/Lib1-250605-C77_2_fates.csv
    log: results/logs/count_barcodes_Lib1-250605-C77_2.txt
    jobid: 5
    reason: Missing output files: results/barcode_counts/Lib1-250605-C77_2_fates.csv, results/barcode_counts/Lib1-250605-C77_2_invalid.csv, results/barcode_counts/Lib1-250605-C77_2_counts.csv
    wildcards: sample=Lib1-250605-C77_2
    resources: tmpdir=/tmp

[Fri Jun 13 10:23:08 2025]
Finished job 6.
5 of 54 steps (9%) done
Select jobs to execute...
Execute 1 jobs...

[Fri Jun 13 10:23:08 2025]
localrule count_barcodes:
    input: /home/sooriyakks/Documents/analysis/esc/2025-06/2025-06-05_esc033/trial/SARS-CoV-2_XBB.1.5_spike_DMS_VRC_A43-10.4/sequencing_data/Lib1-250605- WT_1_1_L8_1.fq.gz, results/variants/codon_variants.csv
    output: results/barcode_counts/Lib1-250605-WT_1_1_counts.csv, results/barcode_counts/Lib1-250605-WT_1_1_invalid.csv, results/barcode_counts/Lib1-250605-WT_1_1_fates.csv
    log: results/logs/count_barcodes_Lib1-250605-WT_1_1.txt
    jobid: 12
    reason: Missing output files: results/barcode_counts/Lib1-250605-WT_1_1_fates.csv, results/barcode_counts/Lib1-250605-WT_1_1_invalid.csv, results/barcode_counts/Lib1-250605-WT_1_1_counts.csv
    wildcards: sample=Lib1-250605-WT_1_1
    resources: tmpdir=/tmp

[Fri Jun 13 10:23:08 2025]
Finished job 21.
6 of 54 steps (11%) done
Select jobs to execute...
Execute 1 jobs...

[Fri Jun 13 10:23:08 2025]
localrule count_barcodes:
    input: /home/sooriyakks/Documents/analysis/esc/2025-06/2025-06-05_esc033/trial/SARS-CoV-2_XBB.1.5_spike_DMS_VRC_A43-10.4/sequencing_data/Lib1-250605-WT_4_2_L8_1.fq.gz, results/variants/codon_variants.csv
    output: results/barcode_counts/Lib1-250605-WT_4_2_counts.csv, results/barcode_counts/Lib1-250605-WT_4_2_invalid.csv, results/barcode_counts/Lib1-250605-WT_4_2_fates.csv
    log: results/logs/count_barcodes_Lib1-250605-WT_4_2.txt
    jobid: 17
    reason: Missing output files: results/barcode_counts/Lib1-250605-WT_4_2_fates.csv, results/barcode_counts/Lib1-250605-WT_4_2_counts.csv, results/barcode_counts/Lib1-250605-WT_4_2_invalid.csv
    wildcards: sample=Lib1-250605-WT_4_2
    resources: tmpdir=/tmp

[Fri Jun 13 10:23:16 2025]
Finished job 18.
7 of 54 steps (13%) done
Select jobs to execute...
Execute 1 jobs...

[Fri Jun 13 10:23:16 2025]
localrule count_barcodes:
    input: /home/sooriyakks/Documents/analysis/esc/2025-06/2025-06-05_esc033/trial/SARS-CoV-2_XBB.1.5_spike_DMS_VRC_A43-10.4/sequencing_data/Lib1-250605-WT_025_3_L6_1.fq.gz, results/variants/codon_variants.csv
    output: results/barcode_counts/Lib1-250605-WT_025_3_counts.csv, results/barcode_counts/Lib1-250605-WT_025_3_invalid.csv, results/barcode_counts/Lib1-250605-WT_025_3_fates.csv
    log: results/logs/count_barcodes_Lib1-250605-WT_025_3.txt
    jobid: 22
    reason: Missing output files: results/barcode_counts/Lib1-250605-WT_025_3_fates.csv, results/barcode_counts/Lib1-250605-WT_025_3_counts.csv, results/barcode_counts/Lib1-250605-WT_025_3_invalid.csv
    wildcards: sample=Lib1-250605-WT_025_3
    resources: tmpdir=/tmp

[Fri Jun 13 10:23:21 2025]
Finished job 14.
8 of 54 steps (15%) done
Select jobs to execute...
Execute 1 jobs...

[Fri Jun 13 10:23:21 2025]
localrule count_barcodes:
    input: /home/sooriyakks/Documents/analysis/esc/2025-06/2025-06-05_esc033/trial/SARS-CoV-2_XBB.1.5_spike_DMS_VRC_A43-10.4/sequencing_data/Lib1-250605-YHA_1_2_L8_1.fq.gz, results/variants/codon_variants.csv
    output: results/barcode_counts/Lib1-250605-YHA_1_2_counts.csv, results/barcode_counts/Lib1-250605-YHA_1_2_invalid.csv, results/barcode_counts/Lib1-250605-YHA_1_2_fates.csv
    log: results/logs/count_barcodes_Lib1-250605-YHA_1_2.txt
    jobid: 29
    reason: Missing output files: results/barcode_counts/Lib1-250605-YHA_1_2_invalid.csv, results/barcode_counts/Lib1-250605-YHA_1_2_fates.csv, results/barcode_counts/Lib1-250605-YHA_1_2_counts.csv
    wildcards: sample=Lib1-250605-YHA_1_2
    resources: tmpdir=/tmp

[Fri Jun 13 10:23:40 2025]
Finished job 5.
9 of 54 steps (17%) done
Select jobs to execute...
Execute 1 jobs...

[Fri Jun 13 10:23:40 2025]
localrule count_barcodes:
    input: /home/sooriyakks/Documents/analysis/esc/2025-06/2025-06-05_esc033/trial/SARS-CoV-2_XBB.1.5_spike_DMS_VRC_A43-10.4/sequencing_data/Lib1-250605-X15_1_L8_1.fq.gz, results/variants/codon_variants.csv
    output: results/barcode_counts/Lib1-250605-X15_1_counts.csv, results/barcode_counts/Lib1-250605-X15_1_invalid.csv, results/barcode_counts/Lib1-250605-X15_1_fates.csv
    log: results/logs/count_barcodes_Lib1-250605-X15_1.txt
    jobid: 24
    reason: Missing output files: results/barcode_counts/Lib1-250605-X15_1_fates.csv, results/barcode_counts/Lib1-250605-X15_1_invalid.csv, results/barcode_counts/Lib1-250605-X15_1_counts.csv
    wildcards: sample=Lib1-250605-X15_1
    resources: tmpdir=/tmp

[Fri Jun 13 10:23:40 2025]
Finished job 13.
10 of 54 steps (19%) done
Select jobs to execute...
Execute 1 jobs...

[Fri Jun 13 10:23:40 2025]
localrule count_barcodes:
    input: /home/sooriyakks/Documents/analysis/esc/2025-06/2025-06-05_esc033/trial/SARS-CoV-2_XBB.1.5_spike_DMS_VRC_A43-10.4/sequencing_data/Lib1-250605-WT_4_4_L6_1.fq.gz, results/variants/codon_variants.csv
    output: results/barcode_counts/Lib1-250605-WT_4_4_counts.csv, results/barcode_counts/Lib1-250605-WT_4_4_invalid.csv, results/barcode_counts/Lib1-250605-WT_4_4_fates.csv
    log: results/logs/count_barcodes_Lib1-250605-WT_4_4.txt
    jobid: 19
    reason: Missing output files: results/barcode_counts/Lib1-250605-WT_4_4_fates.csv, results/barcode_counts/Lib1-250605-WT_4_4_counts.csv, results/barcode_counts/Lib1-250605-WT_4_4_invalid.csv
    wildcards: sample=Lib1-250605-WT_4_4
    resources: tmpdir=/tmp

[Fri Jun 13 10:23:41 2025]
Finished job 15.
11 of 54 steps (20%) done
Select jobs to execute...
Execute 1 jobs...

[Fri Jun 13 10:23:41 2025]
localrule count_barcodes:
    input: /home/sooriyakks/Documents/analysis/esc/2025-06/2025-06-05_esc033/trial/SARS-CoV-2_XBB.1.5_spike_DMS_VRC_A43-10.4/sequencing_data/Lib1-250605-WT_4_1_L8_1.fq.gz, results/variants/codon_variants.csv
    output: results/barcode_counts/Lib1-250605-WT_4_1_counts.csv, results/barcode_counts/Lib1-250605-WT_4_1_invalid.csv, results/barcode_counts/Lib1-250605-WT_4_1_fates.csv
    log: results/logs/count_barcodes_Lib1-250605-WT_4_1.txt
    jobid: 16
    reason: Missing output files: results/barcode_counts/Lib1-250605-WT_4_1_counts.csv, results/barcode_counts/Lib1-250605-WT_4_1_fates.csv, results/barcode_counts/Lib1-250605-WT_4_1_invalid.csv
    wildcards: sample=Lib1-250605-WT_4_1
    resources: tmpdir=/tmp

[Fri Jun 13 10:23:42 2025]
Finished job 17.
12 of 54 steps (22%) done
Select jobs to execute...
Execute 1 jobs...

[Fri Jun 13 10:23:42 2025]
localrule count_barcodes:
    input: /home/sooriyakks/Documents/analysis/esc/2025-06/2025-06-05_esc033/trial/SARS-CoV-2_XBB.1.5_spike_DMS_VRC_A43-10.4/sequencing_data/Lib1-250605-YHA_025_3_L6_1.fq.gz, results/variants/codon_variants.csv
    output: results/barcode_counts/Lib1-250605-YHA_025_3_counts.csv, results/barcode_counts/Lib1-250605-YHA_025_3_invalid.csv, results/barcode_counts/Lib1-250605-YHA_025_3_fates.csv
    log: results/logs/count_barcodes_Lib1-250605-YHA_025_3.txt
    jobid: 34
    reason: Missing output files: results/barcode_counts/Lib1-250605-YHA_025_3_invalid.csv, results/barcode_counts/Lib1-250605-YHA_025_3_fates.csv, results/barcode_counts/Lib1-250605-YHA_025_3_counts.csv
    wildcards: sample=Lib1-250605-YHA_025_3
    resources: tmpdir=/tmp

[Fri Jun 13 10:23:51 2025]
Finished job 28.
13 of 54 steps (24%) done
Select jobs to execute...
Execute 1 jobs...

[Fri Jun 13 10:23:51 2025]
localrule count_barcodes:
    input: /home/sooriyakks/Documents/analysis/esc/2025-06/2025-06-05_esc033/trial/SARS-CoV-2_XBB.1.5_spike_DMS_VRC_A43-10.4/sequencing_data/Lib1-250605- VSVG_2_L8_1.fq.gz, results/variants/codon_variants.csv
    output: results/barcode_counts/Lib1-250605-VSVG_2_counts.csv, results/barcode_counts/Lib1-250605-VSVG_2_invalid.csv, results/barcode_counts/Lib1-250605-VSVG_2_fates.csv
    log: results/logs/count_barcodes_Lib1-250605-VSVG_2.txt
    jobid: 9
    reason: Missing output files: results/barcode_counts/Lib1-250605-VSVG_2_fates.csv, results/barcode_counts/Lib1-250605-VSVG_2_counts.csv, results/barcode_counts/Lib1-250605-VSVG_2_invalid.csv
    wildcards: sample=Lib1-250605-VSVG_2
    resources: tmpdir=/tmp

[Fri Jun 13 10:23:55 2025]
Finished job 12.
14 of 54 steps (26%) done
Select jobs to execute...
Execute 1 jobs...

[Fri Jun 13 10:23:55 2025]
localrule count_barcodes:
    input: /home/sooriyakks/Documents/analysis/esc/2025-06/2025-06-05_esc033/trial/SARS-CoV-2_XBB.1.5_spike_DMS_VRC_A43-10.4/sequencing_data/Lib1-250605- C77_1_L8_1.fq.gz, results/variants/codon_variants.csv
    output: results/barcode_counts/Lib1-250605-C77_1_counts.csv, results/barcode_counts/Lib1-250605-C77_1_invalid.csv, results/barcode_counts/Lib1-250605-C77_1_fates.csv
    log: results/logs/count_barcodes_Lib1-250605-C77_1.txt
    jobid: 4
    reason: Missing output files: results/barcode_counts/Lib1-250605-C77_1_counts.csv, results/barcode_counts/Lib1-250605-C77_1_invalid.csv, results/barcode_counts/Lib1-250605-C77_1_fates.csv
    wildcards: sample=Lib1-250605-C77_1
    resources: tmpdir=/tmp

[Fri Jun 13 10:23:55 2025]
Finished job 29.
15 of 54 steps (28%) done
Select jobs to execute...
Execute 1 jobs...

[Fri Jun 13 10:23:55 2025]
localrule count_barcodes:
    input: /home/sooriyakks/Documents/analysis/esc/2025-06/2025-06-05_esc033/trial/SARS-CoV-2_XBB.1.5_spike_DMS_VRC_A43-10.4/sequencing_data/Lib1-250605-YHA_1_4_L6_1.fq.gz, results/variants/codon_variants.csv
    output: results/barcode_counts/Lib1-250605-YHA_1_4_counts.csv, results/barcode_counts/Lib1-250605-YHA_1_4_invalid.csv, results/barcode_counts/Lib1-250605-YHA_1_4_fates.csv
    log: results/logs/count_barcodes_Lib1-250605-YHA_1_4.txt
    jobid: 31
    reason: Missing output files: results/barcode_counts/Lib1-250605-YHA_1_4_invalid.csv, results/barcode_counts/Lib1-250605-YHA_1_4_counts.csv, results/barcode_counts/Lib1-250605-YHA_1_4_fates.csv
    wildcards: sample=Lib1-250605-YHA_1_4
    resources: tmpdir=/tmp

[Fri Jun 13 10:23:58 2025]
Finished job 22.
16 of 54 steps (30%) done
Select jobs to execute...
Execute 1 jobs...

[Fri Jun 13 10:23:58 2025]
localrule count_barcodes:
    input: /home/sooriyakks/Documents/analysis/esc/2025-06/2025-06-05_esc033/trial/SARS-CoV-2_XBB.1.5_spike_DMS_VRC_A43-10.4/sequencing_data/Lib1-250605- VSVG_1_L8_1.fq.gz, results/variants/codon_variants.csv
    output: results/barcode_counts/Lib1-250605-VSVG_1_counts.csv, results/barcode_counts/Lib1-250605-VSVG_1_invalid.csv, results/barcode_counts/Lib1-250605-VSVG_1_fates.csv
    log: results/logs/count_barcodes_Lib1-250605-VSVG_1.txt
    jobid: 8
    reason: Missing output files: results/barcode_counts/Lib1-250605-VSVG_1_counts.csv, results/barcode_counts/Lib1-250605-VSVG_1_invalid.csv, results/barcode_counts/Lib1-250605-VSVG_1_fates.csv
    wildcards: sample=Lib1-250605-VSVG_1
    resources: tmpdir=/tmp

[Fri Jun 13 10:24:05 2025]
Finished job 24.
17 of 54 steps (31%) done
Select jobs to execute...
Execute 1 jobs...

[Fri Jun 13 10:24:05 2025]
localrule count_barcodes:
    input: /home/sooriyakks/Documents/analysis/esc/2025-06/2025-06-05_esc033/trial/SARS-CoV-2_XBB.1.5_spike_DMS_VRC_A43-10.4/sequencing_data/Lib1-250605-WT_025_1_L8_1.fq.gz, results/variants/codon_variants.csv
    output: results/barcode_counts/Lib1-250605-WT_025_1_counts.csv, results/barcode_counts/Lib1-250605-WT_025_1_invalid.csv, results/barcode_counts/Lib1-250605-WT_025_1_fates.csv
    log: results/logs/count_barcodes_Lib1-250605-WT_025_1.txt
    jobid: 20
    reason: Missing output files: results/barcode_counts/Lib1-250605-WT_025_1_counts.csv, results/barcode_counts/Lib1-250605-WT_025_1_invalid.csv, results/barcode_counts/Lib1-250605-WT_025_1_fates.csv
    wildcards: sample=Lib1-250605-WT_025_1
    resources: tmpdir=/tmp

[Fri Jun 13 10:24:12 2025]
Finished job 26.
18 of 54 steps (33%) done
Select jobs to execute...
Execute 1 jobs...

[Fri Jun 13 10:24:12 2025]
localrule count_barcodes:
    input: /home/sooriyakks/Documents/analysis/esc/2025-06/2025-06-05_esc033/trial/SARS-CoV-2_XBB.1.5_spike_DMS_VRC_A43-10.4/sequencing_data/Lib1-250605- VSVG_3_L6_1.fq.gz, results/variants/codon_variants.csv
    output: results/barcode_counts/Lib1-250605-VSVG_3_counts.csv, results/barcode_counts/Lib1-250605-VSVG_3_invalid.csv, results/barcode_counts/Lib1-250605-VSVG_3_fates.csv
    log: results/logs/count_barcodes_Lib1-250605-VSVG_3.txt
    jobid: 10
    reason: Missing output files: results/barcode_counts/Lib1-250605-VSVG_3_invalid.csv, results/barcode_counts/Lib1-250605-VSVG_3_counts.csv, results/barcode_counts/Lib1-250605-VSVG_3_fates.csv
    wildcards: sample=Lib1-250605-VSVG_3
    resources: tmpdir=/tmp

[Fri Jun 13 10:24:22 2025]
Finished job 16.
19 of 54 steps (35%) done
Select jobs to execute...
Execute 1 jobs...

[Fri Jun 13 10:24:22 2025]
localrule count_barcodes:
    input: /home/sooriyakks/Documents/analysis/esc/2025-06/2025-06-05_esc033/trial/SARS-CoV-2_XBB.1.5_spike_DMS_VRC_A43-10.4/sequencing_data/Lib1-250605-YHA_025_4_L6_1.fq.gz, results/variants/codon_variants.csv
    output: results/barcode_counts/Lib1-250605-YHA_025_4_counts.csv, results/barcode_counts/Lib1-250605-YHA_025_4_invalid.csv, results/barcode_counts/Lib1-250605-YHA_025_4_fates.csv
    log: results/logs/count_barcodes_Lib1-250605-YHA_025_4.txt
    jobid: 35
    reason: Missing output files: results/barcode_counts/Lib1-250605-YHA_025_4_fates.csv, results/barcode_counts/Lib1-250605-YHA_025_4_counts.csv, results/barcode_counts/Lib1-250605-YHA_025_4_invalid.csv
    wildcards: sample=Lib1-250605-YHA_025_4
    resources: tmpdir=/tmp

[Fri Jun 13 10:24:27 2025]
Finished job 19.
20 of 54 steps (37%) done
Select jobs to execute...
Execute 1 jobs...

[Fri Jun 13 10:24:27 2025]
localrule count_barcodes:
    input: /home/sooriyakks/Documents/analysis/esc/2025-06/2025-06-05_esc033/trial/SARS-CoV-2_XBB.1.5_spike_DMS_VRC_A43-10.4/sequencing_data/Lib1-250605- C77_4_L6_1.fq.gz, results/variants/codon_variants.csv
    output: results/barcode_counts/Lib1-250605-C77_4_counts.csv, results/barcode_counts/Lib1-250605-C77_4_invalid.csv, results/barcode_counts/Lib1-250605-C77_4_fates.csv
    log: results/logs/count_barcodes_Lib1-250605-C77_4.txt
    jobid: 7
    reason: Missing output files: results/barcode_counts/Lib1-250605-C77_4_counts.csv, results/barcode_counts/Lib1-250605-C77_4_fates.csv, results/barcode_counts/Lib1-250605-C77_4_invalid.csv
    wildcards: sample=Lib1-250605-C77_4
    resources: tmpdir=/tmp

[Fri Jun 13 10:24:36 2025]
Finished job 4.
21 of 54 steps (39%) done
Select jobs to execute...
Execute 1 jobs...

[Fri Jun 13 10:24:36 2025]
localrule count_barcodes:
    input: /home/sooriyakks/Documents/analysis/esc/2025-06/2025-06-05_esc033/trial/SARS-CoV-2_XBB.1.5_spike_DMS_VRC_A43-10.4/sequencing_data/Lib1-250605-YHA_025_1_L8_1.fq.gz, results/variants/codon_variants.csv
    output: results/barcode_counts/Lib1-250605-YHA_025_1_counts.csv, results/barcode_counts/Lib1-250605-YHA_025_1_invalid.csv, results/barcode_counts/Lib1-250605-YHA_025_1_fates.csv
    log: results/logs/count_barcodes_Lib1-250605-YHA_025_1.txt
    jobid: 32
    reason: Missing output files: results/barcode_counts/Lib1-250605-YHA_025_1_invalid.csv, results/barcode_counts/Lib1-250605-YHA_025_1_counts.csv, results/barcode_counts/Lib1-250605-YHA_025_1_fates.csv
    wildcards: sample=Lib1-250605-YHA_025_1
    resources: tmpdir=/tmp

[Fri Jun 13 10:24:38 2025]
Finished job 34.
22 of 54 steps (41%) done
Select jobs to execute...
Execute 1 jobs...

[Fri Jun 13 10:24:38 2025]
localrule count_barcodes:
    input: /home/sooriyakks/Documents/analysis/esc/2025-06/2025-06-05_esc033/trial/SARS-CoV-2_XBB.1.5_spike_DMS_VRC_A43-10.4/sequencing_data/Lib1-250605-X15_4_L8_1.fq.gz, results/variants/codon_variants.csv
    output: results/barcode_counts/Lib1-250605-X15_4_counts.csv, results/barcode_counts/Lib1-250605-X15_4_invalid.csv, results/barcode_counts/Lib1-250605-X15_4_fates.csv
    log: results/logs/count_barcodes_Lib1-250605-X15_4.txt
    jobid: 27
    reason: Missing output files: results/barcode_counts/Lib1-250605-X15_4_counts.csv, results/barcode_counts/Lib1-250605-X15_4_invalid.csv, results/barcode_counts/Lib1-250605-X15_4_fates.csv
    wildcards: sample=Lib1-250605-X15_4
    resources: tmpdir=/tmp

[Fri Jun 13 10:24:38 2025]
Finished job 31.
23 of 54 steps (43%) done
[Fri Jun 13 10:24:43 2025]
Finished job 20.
24 of 54 steps (44%) done
[Fri Jun 13 10:25:07 2025]
Finished job 7.
25 of 54 steps (46%) done
[Fri Jun 13 10:25:11 2025]
Finished job 27.
26 of 54 steps (48%) done
[Fri Jun 13 10:25:14 2025]
Finished job 32.
27 of 54 steps (50%) done
[Fri Jun 13 10:25:14 2025]
Finished job 35.
28 of 54 steps (52%) done
[Fri Jun 13 10:27:09 2025]
Finished job 11.
29 of 54 steps (54%) done
Select jobs to execute...
Execute 1 jobs...

[Fri Jun 13 10:27:09 2025]
localrule func_scores:
    input: results/barcode_counts/Lib1-250605-X15_4_counts.csv, results/barcode_counts/Lib1-250605-VSVG_4_counts.csv, results/variants/codon_variants.csv, results/gene_sequence/codon.fasta, data/site_numbering_map.csv
    output: results/func_scores/Lib1-250608-high_ACE2_4_func_scores.csv, results/func_scores/Lib1-250608-high_ACE2_4_count_summary.csv
    log: results/logs/func_scores_Lib1-250608-high_ACE2_4.txt
    jobid: 44
    reason: Missing output files: results/func_scores/Lib1-250608-high_ACE2_4_func_scores.csv, results/func_scores/Lib1-250608-high_ACE2_4_count_summary.csv; Input files updated by another job: results/barcode_counts/Lib1-250605-X15_4_counts.csv, results/barcode_counts/Lib1-250605-VSVG_4_counts.csv
    wildcards: selection=Lib1-250608-high_ACE2_4
    resources: tmpdir=/tmp

[Fri Jun 13 10:27:14 2025]
Finished job 44.
30 of 54 steps (56%) done
Select jobs to execute...
Execute 1 jobs...

[Fri Jun 13 10:27:14 2025]
localrule func_effects_global_epistasis:
    input: results/func_scores/Lib1-250608-high_ACE2_4_func_scores.csv, data/site_numbering_map.csv, dms-vep-pipeline-3/notebooks/func_effects_global_epistasis.ipynb
    output: results/func_effects/by_selection/Lib1-250608-high_ACE2_4_func_effects.csv, results/notebooks/func_effects_global_epistasis_Lib1-250608-high_ACE2_4.ipynb
    log: results/logs/func_effects_global_epistasis_Lib1-250608-high_ACE2_4.txt
    jobid: 43
    reason: Missing output files: results/notebooks/func_effects_global_epistasis_Lib1-250608-high_ACE2_4.ipynb, results/func_effects/by_selection/Lib1-250608-high_ACE2_4_func_effects.csv; Input files updated by another job: results/func_scores/Lib1-250608-high_ACE2_4_func_scores.csv
    wildcards: selection=Lib1-250608-high_ACE2_4
    resources: tmpdir=/tmp

[Fri Jun 13 10:27:25 2025]
Finished job 43.
31 of 54 steps (57%) done
Select jobs to execute...
Execute 1 jobs...

[Fri Jun 13 10:27:25 2025]
localrule notebook_html:
    input: results/notebooks/func_effects_global_epistasis_Lib1-250608-high_ACE2_4.ipynb
    output: docs/notebooks/func_effects_global_epistasis_Lib1-250608-high_ACE2_4.html
    log: results/logs/notebook_html_func_effects_global_epistasis_Lib1-250608-high_ACE2_4.txt
    jobid: 53
    reason: Missing output files: docs/notebooks/func_effects_global_epistasis_Lib1-250608-high_ACE2_4.html; Input files updated by another job: results/notebooks/func_effects_global_epistasis_Lib1-250608-high_ACE2_4.ipynb
    wildcards: notebook=func_effects_global_epistasis_Lib1-250608-high_ACE2_4
    resources: tmpdir=/tmp

[Fri Jun 13 10:27:26 2025]
Finished job 53.
32 of 54 steps (59%) done
[Fri Jun 13 10:27:40 2025]
Finished job 8.
33 of 54 steps (61%) done
Select jobs to execute...
Execute 1 jobs...

[Fri Jun 13 10:27:40 2025]
localrule func_scores:
    input: results/barcode_counts/Lib1-250605-X15_1_counts.csv, results/barcode_counts/Lib1-250605-VSVG_1_counts.csv, results/variants/codon_variants.csv, results/gene_sequence/codon.fasta, data/site_numbering_map.csv
    output: results/func_scores/Lib1-250605-high_ACE2_1_func_scores.csv, results/func_scores/Lib1-250605-high_ACE2_1_count_summary.csv
    log: results/logs/func_scores_Lib1-250605-high_ACE2_1.txt
    jobid: 38
    reason: Missing output files: results/func_scores/Lib1-250605-high_ACE2_1_func_scores.csv, results/func_scores/Lib1-250605-high_ACE2_1_count_summary.csv; Input files updated by another job: results/barcode_counts/Lib1-250605-VSVG_1_counts.csv, results/barcode_counts/Lib1-250605-X15_1_counts.csv
    wildcards: selection=Lib1-250605-high_ACE2_1
    resources: tmpdir=/tmp

[Fri Jun 13 10:27:44 2025]
Finished job 38.
34 of 54 steps (63%) done
Select jobs to execute...
Execute 1 jobs...

[Fri Jun 13 10:27:44 2025]
localrule func_effects_global_epistasis:
    input: results/func_scores/Lib1-250605-high_ACE2_1_func_scores.csv, data/site_numbering_map.csv, dms-vep-pipeline-3/notebooks/func_effects_global_epistasis.ipynb
    output: results/func_effects/by_selection/Lib1-250605-high_ACE2_1_func_effects.csv, results/notebooks/func_effects_global_epistasis_Lib1-250605-high_ACE2_1.ipynb
    log: results/logs/func_effects_global_epistasis_Lib1-250605-high_ACE2_1.txt
    jobid: 37
    reason: Missing output files: results/func_effects/by_selection/Lib1-250605-high_ACE2_1_func_effects.csv, results/notebooks/func_effects_global_epistasis_Lib1-250605-high_ACE2_1.ipynb; Input files updated by another job: results/func_scores/Lib1-250605-high_ACE2_1_func_scores.csv
    wildcards: selection=Lib1-250605-high_ACE2_1
    resources: tmpdir=/tmp

[Fri Jun 13 10:27:56 2025]
Finished job 37.
35 of 54 steps (65%) done
Select jobs to execute...
Execute 1 jobs...

[Fri Jun 13 10:27:56 2025]
localrule notebook_html:
    input: results/notebooks/func_effects_global_epistasis_Lib1-250605-high_ACE2_1.ipynb
    output: docs/notebooks/func_effects_global_epistasis_Lib1-250605-high_ACE2_1.html
    log: results/logs/notebook_html_func_effects_global_epistasis_Lib1-250605-high_ACE2_1.txt
    jobid: 50
    reason: Missing output files: docs/notebooks/func_effects_global_epistasis_Lib1-250605-high_ACE2_1.html; Input files updated by another job: results/notebooks/func_effects_global_epistasis_Lib1-250605-high_ACE2_1.ipynb
    wildcards: notebook=func_effects_global_epistasis_Lib1-250605-high_ACE2_1
    resources: tmpdir=/tmp

[Fri Jun 13 10:27:57 2025]
Finished job 50.
36 of 54 steps (67%) done
[Fri Jun 13 10:28:21 2025]
Finished job 9.
37 of 54 steps (69%) done
Select jobs to execute...
Execute 1 jobs...

[Fri Jun 13 10:28:21 2025]
localrule func_scores:
    input: results/barcode_counts/Lib1-250605-X15_2_counts.csv, results/barcode_counts/Lib1-250605-VSVG_2_counts.csv, results/variants/codon_variants.csv, results/gene_sequence/codon.fasta, data/site_numbering_map.csv
    output: results/func_scores/Lib1-250606-high_ACE2_2_func_scores.csv, results/func_scores/Lib1-250606-high_ACE2_2_count_summary.csv
    log: results/logs/func_scores_Lib1-250606-high_ACE2_2.txt
    jobid: 40
    reason: Missing output files: results/func_scores/Lib1-250606-high_ACE2_2_func_scores.csv, results/func_scores/Lib1-250606-high_ACE2_2_count_summary.csv; Input files updated by another job: results/barcode_counts/Lib1-250605-VSVG_2_counts.csv, results/barcode_counts/Lib1-250605-X15_2_counts.csv
    wildcards: selection=Lib1-250606-high_ACE2_2
    resources: tmpdir=/tmp

[Fri Jun 13 10:28:25 2025]
Finished job 40.
38 of 54 steps (70%) done
Select jobs to execute...
Execute 1 jobs...

[Fri Jun 13 10:28:25 2025]
localrule func_effects_global_epistasis:
    input: results/func_scores/Lib1-250606-high_ACE2_2_func_scores.csv, data/site_numbering_map.csv, dms-vep-pipeline-3/notebooks/func_effects_global_epistasis.ipynb
    output: results/func_effects/by_selection/Lib1-250606-high_ACE2_2_func_effects.csv, results/notebooks/func_effects_global_epistasis_Lib1-250606-high_ACE2_2.ipynb
    log: results/logs/func_effects_global_epistasis_Lib1-250606-high_ACE2_2.txt
    jobid: 39
    reason: Missing output files: results/notebooks/func_effects_global_epistasis_Lib1-250606-high_ACE2_2.ipynb, results/func_effects/by_selection/Lib1-250606-high_ACE2_2_func_effects.csv; Input files updated by another job: results/func_scores/Lib1-250606-high_ACE2_2_func_scores.csv
    wildcards: selection=Lib1-250606-high_ACE2_2
    resources: tmpdir=/tmp

[Fri Jun 13 10:28:36 2025]
Finished job 39.
39 of 54 steps (72%) done
Select jobs to execute...
Execute 1 jobs...

[Fri Jun 13 10:28:36 2025]
localrule notebook_html:
    input: results/notebooks/func_effects_global_epistasis_Lib1-250606-high_ACE2_2.ipynb
    output: docs/notebooks/func_effects_global_epistasis_Lib1-250606-high_ACE2_2.html
    log: results/logs/notebook_html_func_effects_global_epistasis_Lib1-250606-high_ACE2_2.txt
    jobid: 51
    reason: Missing output files: docs/notebooks/func_effects_global_epistasis_Lib1-250606-high_ACE2_2.html; Input files updated by another job: results/notebooks/func_effects_global_epistasis_Lib1-250606-high_ACE2_2.ipynb
    wildcards: notebook=func_effects_global_epistasis_Lib1-250606-high_ACE2_2
    resources: tmpdir=/tmp

[Fri Jun 13 10:28:36 2025]
Finished job 51.
40 of 54 steps (74%) done
[Fri Jun 13 10:29:01 2025]
Finished job 10.
41 of 54 steps (76%) done
Select jobs to execute...
Execute 2 jobs...

[Fri Jun 13 10:29:01 2025]
localrule func_scores:
    input: results/barcode_counts/Lib1-250605-X15_3_counts.csv, results/barcode_counts/Lib1-250605-VSVG_3_counts.csv, results/variants/codon_variants.csv, results/gene_sequence/codon.fasta, data/site_numbering_map.csv
    output: results/func_scores/Lib1-250607-high_ACE2_3_func_scores.csv, results/func_scores/Lib1-250607-high_ACE2_3_count_summary.csv
    log: results/logs/func_scores_Lib1-250607-high_ACE2_3.txt
    jobid: 42
    reason: Missing output files: results/func_scores/Lib1-250607-high_ACE2_3_count_summary.csv, results/func_scores/Lib1-250607-high_ACE2_3_func_scores.csv; Input files updated by another job: results/barcode_counts/Lib1-250605-X15_3_counts.csv, results/barcode_counts/Lib1-250605-VSVG_3_counts.csv
    wildcards: selection=Lib1-250607-high_ACE2_3
    resources: tmpdir=/tmp

[Fri Jun 13 10:29:01 2025]
localrule analyze_variant_counts:
    input: results/barcode_counts/Lib1-250605-C77_1_counts.csv, results/barcode_counts/Lib1-250605-C77_2_counts.csv, results/barcode_counts/Lib1-250605-C77_3_counts.csv, results/barcode_counts/Lib1-250605-C77_4_counts.csv, results/barcode_counts/Lib1-250605-VSVG_1_counts.csv, results/barcode_counts/Lib1-250605-VSVG_2_counts.csv, results/barcode_counts/Lib1-250605-VSVG_3_counts.csv, results/barcode_counts/Lib1-250605-VSVG_4_counts.csv, results/barcode_counts/Lib1-250605-WT_1_1_counts.csv, results/barcode_counts/Lib1-250605-WT_1_2_counts.csv, results/barcode_counts/Lib1-250605-WT_1_3_counts.csv, results/barcode_counts/Lib1-250605-WT_1_4_counts.csv, results/barcode_counts/Lib1-250605-WT_4_1_counts.csv, results/barcode_counts/Lib1-250605-WT_4_2_counts.csv, results/barcode_counts/Lib1-250605-WT_4_3_counts.csv, results/barcode_counts/Lib1-250605-WT_4_4_counts.csv, results/barcode_counts/Lib1-250605-WT_025_1_counts.csv, results/barcode_counts/Lib1-250605-WT_025_2_counts.csv, results/barcode_counts/Lib1-250605-WT_025_3_counts.csv, results/barcode_counts/Lib1-250605-WT_025_4_counts.csv, results/barcode_counts/Lib1-250605-X15_1_counts.csv, results/barcode_counts/Lib1-250605-X15_2_counts.csv, results/barcode_counts/Lib1-250605-X15_3_counts.csv, results/barcode_counts/Lib1-250605-X15_4_counts.csv, results/barcode_counts/Lib1-250605-YHA_1_1_counts.csv, results/barcode_counts/Lib1-250605-YHA_1_2_counts.csv, results/barcode_counts/Lib1-250605-YHA_1_3_counts.csv, results/barcode_counts/Lib1-250605-YHA_1_4_counts.csv, results/barcode_counts/Lib1-250605-YHA_025_1_counts.csv, results/barcode_counts/Lib1-250605-YHA_025_2_counts.csv, results/barcode_counts/Lib1-250605-YHA_025_3_counts.csv, results/barcode_counts/Lib1-250605-YHA_025_4_counts.csv, results/barcode_counts/Lib1-250605-C77_1_invalid.csv, results/barcode_counts/Lib1-250605-C77_2_invalid.csv, results/barcode_counts/Lib1-250605-C77_3_invalid.csv, results/barcode_counts/Lib1-250605-C77_4_invalid.csv, results/barcode_counts/Lib1-250605-VSVG_1_invalid.csv, results/barcode_counts/Lib1-250605-VSVG_2_invalid.csv, results/barcode_counts/Lib1-250605-VSVG_3_invalid.csv, results/barcode_counts/Lib1-250605-VSVG_4_invalid.csv, results/barcode_counts/Lib1-250605-WT_1_1_invalid.csv, results/barcode_counts/Lib1-250605-WT_1_2_invalid.csv, results/barcode_counts/Lib1-250605-WT_1_3_invalid.csv, results/barcode_counts/Lib1-250605-WT_1_4_invalid.csv, results/barcode_counts/Lib1-250605-WT_4_1_invalid.csv, results/barcode_counts/Lib1-250605-WT_4_2_invalid.csv, results/barcode_counts/Lib1-250605-WT_4_3_invalid.csv, results/barcode_counts/Lib1-250605-WT_4_4_invalid.csv, results/barcode_counts/Lib1-250605-WT_025_1_invalid.csv, results/barcode_counts/Lib1-250605-WT_025_2_invalid.csv, results/barcode_counts/Lib1-250605-WT_025_3_invalid.csv, results/barcode_counts/Lib1-250605-WT_025_4_invalid.csv, results/barcode_counts/Lib1-250605-X15_1_invalid.csv, results/barcode_counts/Lib1-250605-X15_2_invalid.csv, results/barcode_counts/Lib1-250605-X15_3_invalid.csv, results/barcode_counts/Lib1-250605-X15_4_invalid.csv, results/barcode_counts/Lib1-250605-YHA_1_1_invalid.csv, results/barcode_counts/Lib1-250605-YHA_1_2_invalid.csv, results/barcode_counts/Lib1-250605-YHA_1_3_invalid.csv, results/barcode_counts/Lib1-250605-YHA_1_4_invalid.csv, results/barcode_counts/Lib1-250605-YHA_025_1_invalid.csv, results/barcode_counts/Lib1-250605-YHA_025_2_invalid.csv, results/barcode_counts/Lib1-250605-YHA_025_3_invalid.csv, results/barcode_counts/Lib1-250605-YHA_025_4_invalid.csv, results/barcode_counts/Lib1-250605-C77_1_fates.csv, results/barcode_counts/Lib1-250605-C77_2_fates.csv, results/barcode_counts/Lib1-250605-C77_3_fates.csv, results/barcode_counts/Lib1-250605-C77_4_fates.csv, results/barcode_counts/Lib1-250605-VSVG_1_fates.csv, results/barcode_counts/Lib1-250605-VSVG_2_fates.csv, results/barcode_counts/Lib1-250605-VSVG_3_fates.csv, results/barcode_counts/Lib1-250605-VSVG_4_fates.csv, results/barcode_counts/Lib1-250605-WT_1_1_fates.csv, results/barcode_counts/Lib1-250605-WT_1_2_fates.csv, results/barcode_counts/Lib1-250605-WT_1_3_fates.csv, results/barcode_counts/Lib1-250605-WT_1_4_fates.csv, results/barcode_counts/Lib1-250605-WT_4_1_fates.csv, results/barcode_counts/Lib1-250605-WT_4_2_fates.csv, results/barcode_counts/Lib1-250605-WT_4_3_fates.csv, results/barcode_counts/Lib1-250605-WT_4_4_fates.csv, results/barcode_counts/Lib1-250605-WT_025_1_fates.csv, results/barcode_counts/Lib1-250605-WT_025_2_fates.csv, results/barcode_counts/Lib1-250605-WT_025_3_fates.csv, results/barcode_counts/Lib1-250605-WT_025_4_fates.csv, results/barcode_counts/Lib1-250605-X15_1_fates.csv, results/barcode_counts/Lib1-250605-X15_2_fates.csv, results/barcode_counts/Lib1-250605-X15_3_fates.csv, results/barcode_counts/Lib1-250605-X15_4_fates.csv, results/barcode_counts/Lib1-250605-YHA_1_1_fates.csv, results/barcode_counts/Lib1-250605-YHA_1_2_fates.csv, results/barcode_counts/Lib1-250605-YHA_1_3_fates.csv, results/barcode_counts/Lib1-250605-YHA_1_4_fates.csv, results/barcode_counts/Lib1-250605-YHA_025_1_fates.csv, results/barcode_counts/Lib1-250605-YHA_025_2_fates.csv, results/barcode_counts/Lib1-250605-YHA_025_3_fates.csv, results/barcode_counts/Lib1-250605-YHA_025_4_fates.csv, results/gene_sequence/codon.fasta, results/variants/codon_variants.csv, data/site_numbering_map.csv, data/barcode_runs.csv, dms-vep-pipeline-3/notebooks/analyze_variant_counts.ipynb
    output: results/notebooks/analyze_variant_counts.ipynb
    log: results/logs/analyze_variant_counts.txt
    jobid: 3
    reason: Missing output files: results/notebooks/analyze_variant_counts.ipynb; Input files updated by another job: results/barcode_counts/Lib1-250605-WT_025_3_counts.csv, results/barcode_counts/Lib1-250605-C77_2_counts.csv, results/barcode_counts/Lib1-250605-YHA_1_3_fates.csv, results/barcode_counts/Lib1-250605-WT_025_4_invalid.csv, results/barcode_counts/Lib1-250605-X15_1_invalid.csv, results/barcode_counts/Lib1-250605-WT_4_4_fates.csv, results/barcode_counts/Lib1-250605-VSVG_2_counts.csv, results/barcode_counts/Lib1-250605-X15_2_invalid.csv, results/barcode_counts/Lib1-250605-X15_2_counts.csv, results/barcode_counts/Lib1-250605-VSVG_3_invalid.csv, results/barcode_counts/Lib1-250605-VSVG_2_invalid.csv, results/barcode_counts/Lib1-250605-X15_3_fates.csv, results/barcode_counts/Lib1-250605-YHA_1_4_counts.csv, results/barcode_counts/Lib1-250605-WT_1_3_counts.csv, results/barcode_counts/Lib1-250605-YHA_025_1_counts.csv, results/barcode_counts/Lib1-250605-WT_025_3_invalid.csv, results/barcode_counts/Lib1-250605-C77_3_counts.csv, results/barcode_counts/Lib1-250605-VSVG_1_counts.csv, results/barcode_counts/Lib1-250605-YHA_025_2_fates.csv, results/barcode_counts/Lib1-250605-WT_1_2_fates.csv, results/barcode_counts/Lib1-250605-YHA_1_4_fates.csv, results/barcode_counts/Lib1-250605-WT_1_1_fates.csv, results/barcode_counts/Lib1-250605-WT_025_4_counts.csv, results/barcode_counts/Lib1-250605-WT_025_4_fates.csv, results/barcode_counts/Lib1-250605-VSVG_4_counts.csv, results/barcode_counts/Lib1-250605-C77_1_counts.csv, results/barcode_counts/Lib1-250605-WT_025_1_invalid.csv, results/barcode_counts/Lib1-250605-VSVG_1_invalid.csv, results/barcode_counts/Lib1-250605-VSVG_3_fates.csv, results/barcode_counts/Lib1-250605-X15_4_invalid.csv, results/barcode_counts/Lib1-250605-C77_3_invalid.csv, results/barcode_counts/Lib1-250605-WT_025_2_invalid.csv, results/barcode_counts/Lib1-250605-VSVG_4_invalid.csv, results/barcode_counts/Lib1-250605-X15_3_invalid.csv, results/barcode_counts/Lib1-250605-YHA_1_2_invalid.csv, results/barcode_counts/Lib1-250605-YHA_025_1_invalid.csv, results/barcode_counts/Lib1-250605-VSVG_3_counts.csv, results/barcode_counts/Lib1-250605-YHA_025_2_invalid.csv, results/barcode_counts/Lib1-250605-WT_025_2_fates.csv, results/barcode_counts/Lib1-250605-C77_4_fates.csv, results/barcode_counts/Lib1-250605-WT_025_1_counts.csv, results/barcode_counts/Lib1-250605-YHA_1_2_counts.csv, results/barcode_counts/Lib1-250605-C77_1_fates.csv, results/barcode_counts/Lib1-250605-WT_1_2_counts.csv, results/barcode_counts/Lib1-250605-X15_4_fates.csv, results/barcode_counts/Lib1-250605-WT_1_1_invalid.csv, results/barcode_counts/Lib1-250605-VSVG_4_fates.csv, results/barcode_counts/Lib1-250605-YHA_025_3_fates.csv, results/barcode_counts/Lib1-250605-WT_025_1_fates.csv, results/barcode_counts/Lib1-250605-WT_4_2_counts.csv, results/barcode_counts/Lib1-250605-YHA_1_1_counts.csv, results/barcode_counts/Lib1-250605-X15_4_counts.csv, results/barcode_counts/Lib1-250605-YHA_1_3_counts.csv, results/barcode_counts/Lib1-250605-C77_4_counts.csv, results/barcode_counts/Lib1-250605-WT_4_1_counts.csv, results/barcode_counts/Lib1-250605-C77_2_fates.csv, results/barcode_counts/Lib1-250605-YHA_025_1_fates.csv, results/barcode_counts/Lib1-250605-C77_3_fates.csv, results/barcode_counts/Lib1-250605-WT_4_2_fates.csv, results/barcode_counts/Lib1-250605-YHA_1_2_fates.csv, results/barcode_counts/Lib1-250605-YHA_1_1_fates.csv, results/barcode_counts/Lib1-250605-X15_1_counts.csv, results/barcode_counts/Lib1-250605-C77_4_invalid.csv, results/barcode_counts/Lib1-250605-WT_4_1_fates.csv, results/barcode_counts/Lib1-250605-WT_4_1_invalid.csv, results/barcode_counts/Lib1-250605-C77_2_invalid.csv, results/barcode_counts/Lib1-250605-WT_1_3_invalid.csv, results/barcode_counts/Lib1-250605-YHA_1_4_invalid.csv, results/barcode_counts/Lib1-250605-WT_025_3_fates.csv, results/barcode_counts/Lib1-250605-WT_1_4_fates.csv, results/barcode_counts/Lib1-250605-WT_1_4_counts.csv, results/barcode_counts/Lib1-250605-WT_4_3_invalid.csv, results/barcode_counts/Lib1-250605-WT_025_2_counts.csv, results/barcode_counts/Lib1-250605-VSVG_2_fates.csv, results/barcode_counts/Lib1-250605-YHA_025_3_counts.csv, results/barcode_counts/Lib1-250605-WT_1_4_invalid.csv, results/barcode_counts/Lib1-250605-C77_1_invalid.csv, results/barcode_counts/Lib1-250605-WT_1_2_invalid.csv, results/barcode_counts/Lib1-250605-WT_4_3_fates.csv, results/barcode_counts/Lib1-250605-VSVG_1_fates.csv, results/barcode_counts/Lib1-250605-YHA_1_3_invalid.csv, results/barcode_counts/Lib1-250605-X15_1_fates.csv, results/barcode_counts/Lib1-250605-X15_2_fates.csv, results/barcode_counts/Lib1-250605-WT_1_1_counts.csv, results/barcode_counts/Lib1-250605-X15_3_counts.csv, results/barcode_counts/Lib1-250605-WT_1_3_fates.csv, results/barcode_counts/Lib1-250605-YHA_025_3_invalid.csv, results/barcode_counts/Lib1-250605-WT_4_2_invalid.csv, results/barcode_counts/Lib1-250605-WT_4_4_invalid.csv, results/barcode_counts/Lib1-250605-YHA_1_1_invalid.csv, results/barcode_counts/Lib1-250605-YHA_025_4_fates.csv, results/barcode_counts/Lib1-250605-YHA_025_4_counts.csv, results/barcode_counts/Lib1-250605-YHA_025_4_invalid.csv, results/barcode_counts/Lib1-250605-WT_4_3_counts.csv, results/barcode_counts/Lib1-250605-YHA_025_2_counts.csv, results/barcode_counts/Lib1-250605-WT_4_4_counts.csv
    resources: tmpdir=/tmp

[Fri Jun 13 10:29:05 2025]
Finished job 42.
42 of 54 steps (78%) done
Select jobs to execute...
Execute 2 jobs...

[Fri Jun 13 10:29:05 2025]
localrule func_effects_global_epistasis:
    input: results/func_scores/Lib1-250607-high_ACE2_3_func_scores.csv, data/site_numbering_map.csv, dms-vep-pipeline-3/notebooks/func_effects_global_epistasis.ipynb
    output: results/func_effects/by_selection/Lib1-250607-high_ACE2_3_func_effects.csv, results/notebooks/func_effects_global_epistasis_Lib1-250607-high_ACE2_3.ipynb
    log: results/logs/func_effects_global_epistasis_Lib1-250607-high_ACE2_3.txt
    jobid: 41
    reason: Missing output files: results/notebooks/func_effects_global_epistasis_Lib1-250607-high_ACE2_3.ipynb, results/func_effects/by_selection/Lib1-250607-high_ACE2_3_func_effects.csv; Input files updated by another job: results/func_scores/Lib1-250607-high_ACE2_3_func_scores.csv
    wildcards: selection=Lib1-250607-high_ACE2_3
    resources: tmpdir=/tmp


[Fri Jun 13 10:29:05 2025]
localrule analyze_func_scores:
    input: results/func_scores/Lib1-250605-high_ACE2_1_func_scores.csv, results/func_scores/Lib1-250606-high_ACE2_2_func_scores.csv, results/func_scores/Lib1-250607-high_ACE2_3_func_scores.csv, results/func_scores/Lib1-250608-high_ACE2_4_func_scores.csv, results/func_scores/Lib1-250605-high_ACE2_1_count_summary.csv, results/func_scores/Lib1-250606-high_ACE2_2_count_summary.csv, results/func_scores/Lib1-250607-high_ACE2_3_count_summary.csv, results/func_scores/Lib1-250608-high_ACE2_4_count_summary.csv, dms-vep-pipeline-3/notebooks/analyze_func_scores.ipynb
    output: results/notebooks/analyze_func_scores.ipynb
    log: results/logs/analyze_func_scores.txt
    jobid: 45
    reason: Missing output files: results/notebooks/analyze_func_scores.ipynb; Input files updated by another job: results/func_scores/Lib1-250606-high_ACE2_2_func_scores.csv, results/func_scores/Lib1-250606-high_ACE2_2_count_summary.csv, results/func_scores/Lib1-250608-high_ACE2_4_func_scores.csv, results/func_scores/Lib1-250607-high_ACE2_3_count_summary.csv, results/func_scores/Lib1-250607-high_ACE2_3_func_scores.csv, results/func_scores/Lib1-250605-high_ACE2_1_count_summary.csv, results/func_scores/Lib1-250608-high_ACE2_4_count_summary.csv, results/func_scores/Lib1-250605-high_ACE2_1_func_scores.csv
    resources: tmpdir=/tmp

[Fri Jun 13 10:29:08 2025]
Finished job 45.
43 of 54 steps (80%) done
Select jobs to execute...
Execute 1 jobs...

[Fri Jun 13 10:29:08 2025]
localrule notebook_html:
    input: results/notebooks/analyze_func_scores.ipynb
    output: docs/notebooks/analyze_func_scores.html
    log: results/logs/notebook_html_analyze_func_scores.txt
    jobid: 49
    reason: Missing output files: docs/notebooks/analyze_func_scores.html; Input files updated by another job: results/notebooks/analyze_func_scores.ipynb
    wildcards: notebook=analyze_func_scores
    resources: tmpdir=/tmp

[Fri Jun 13 10:29:09 2025]
Finished job 49.
44 of 54 steps (81%) done
[Fri Jun 13 10:29:16 2025]
Finished job 41.
45 of 54 steps (83%) done
Select jobs to execute...
Execute 2 jobs...

[Fri Jun 13 10:29:16 2025]
localrule avg_func_effects:
    input: data/site_numbering_map.csv, results/func_effects/by_selection/Lib1-250605-high_ACE2_1_func_effects.csv, results/func_effects/by_selection/Lib1-250606-high_ACE2_2_func_effects.csv, results/func_effects/by_selection/Lib1-250607-high_ACE2_3_func_effects.csv, results/func_effects/by_selection/Lib1-250608-high_ACE2_4_func_effects.csv, dms-vep-pipeline-3/notebooks/avg_func_effects.ipynb
    output: results/notebooks/avg_func_effects_293T_entry.ipynb, results/func_effects/averages/293T_entry_func_effects.csv, results/func_effects/averages/293T_entry_latent_effects.csv, results/func_effects/averages/293T_entry_func_effects.html, results/func_effects/averages/293T_entry_latent_effects.html
    log: results/logs/avg_func_effects_293T_entry.txt
    jobid: 36
    reason: Missing output files: results/func_effects/averages/293T_entry_latent_effects.html, results/func_effects/averages/293T_entry_func_effects.html, results/notebooks/avg_func_effects_293T_entry.ipynb, results/func_effects/averages/293T_entry_func_effects.csv; Input files updated by another job: results/func_effects/by_selection/Lib1-250606-high_ACE2_2_func_effects.csv, results/func_effects/by_selection/Lib1-250605-high_ACE2_1_func_effects.csv, results/func_effects/by_selection/Lib1-250607-high_ACE2_3_func_effects.csv, results/func_effects/by_selection/Lib1-250608-high_ACE2_4_func_effects.csv
    wildcards: condition=293T_entry
    resources: tmpdir=/tmp


[Fri Jun 13 10:29:16 2025]
localrule notebook_html:
    input: results/notebooks/func_effects_global_epistasis_Lib1-250607-high_ACE2_3.ipynb
    output: docs/notebooks/func_effects_global_epistasis_Lib1-250607-high_ACE2_3.html
    log: results/logs/notebook_html_func_effects_global_epistasis_Lib1-250607-high_ACE2_3.txt
    jobid: 52
    reason: Missing output files: docs/notebooks/func_effects_global_epistasis_Lib1-250607-high_ACE2_3.html; Input files updated by another job: results/notebooks/func_effects_global_epistasis_Lib1-250607-high_ACE2_3.ipynb
    wildcards: notebook=func_effects_global_epistasis_Lib1-250607-high_ACE2_3
    resources: tmpdir=/tmp

[Fri Jun 13 10:29:17 2025]
Finished job 52.
46 of 54 steps (85%) done
[Fri Jun 13 10:29:20 2025]
Error in rule avg_func_effects:
    jobid: 36
    input: data/site_numbering_map.csv, results/func_effects/by_selection/Lib1-250605-high_ACE2_1_func_effects.csv, results/func_effects/by_selection/Lib1-250606-high_ACE2_2_func_effects.csv, results/func_effects/by_selection/Lib1-250607-high_ACE2_3_func_effects.csv, results/func_effects/by_selection/Lib1-250608-high_ACE2_4_func_effects.csv, dms-vep-pipeline-3/notebooks/avg_func_effects.ipynb
    output: results/notebooks/avg_func_effects_293T_entry.ipynb, results/func_effects/averages/293T_entry_func_effects.csv, results/func_effects/averages/293T_entry_latent_effects.csv, results/func_effects/averages/293T_entry_func_effects.html, results/func_effects/averages/293T_entry_latent_effects.html
    log: results/logs/avg_func_effects_293T_entry.txt (check log file(s) for error details)
    conda-env: /home/sooriyakks/Documents/analysis/esc/2025-06/2025-06-05_esc033/dms_033/.snakemake/conda/e64b6192f9b33c4f320ec9a9708c8295_
    shell:
        
        papermill dms-vep-pipeline-3/notebooks/avg_func_effects.ipynb results/notebooks/avg_func_effects_293T_entry.ipynb             -p site_numbering_map_csv data/site_numbering_map.csv             -p func_effects_csv results/func_effects/averages/293T_entry_func_effects.csv             -p latent_effects_csv results/func_effects/averages/293T_entry_latent_effects.csv             -p functional_html results/func_effects/averages/293T_entry_func_effects.html             -p latent_html results/func_effects/averages/293T_entry_latent_effects.html             -y 'params:
  avg_method: median
  per_selection_tooltips: true
  plot_kwargs:
    addtl_slider_stats:
      times_seen: 4
    heatmap_max_at_least: 1
    heatmap_min_at_least: -1
    init_floor_at_zero: false
    init_site_statistic: mean
    site_zoom_bar_color_col: region
    slider_binding_range_kwargs:
      times_seen:
        step: 1
        min: 1
        max: 25
      n_selections:
        step: 1
    sites_to_show:
  title: Mutation effects on entry into 293T cells expressing high ACE2
  selections:
  - Lib1-250605-high_ACE2_1
  - Lib1-250606-high_ACE2_2
  - Lib1-250607-high_ACE2_3
  - Lib1-250608-high_ACE2_4
mutation_annotations_csv:
'             &> results/logs/avg_func_effects_293T_entry.txt
        
        (one of the commands exited with non-zero exit code; note that snakemake uses bash strict mode!)

Removing output files of failed job avg_func_effects since they might be corrupted:
results/notebooks/avg_func_effects_293T_entry.ipynb, results/func_effects/averages/293T_entry_func_effects.csv, results/func_effects/averages/293T_entry_latent_effects.csv
[Fri Jun 13 10:29:23 2025]
Finished job 3.
47 of 54 steps (87%) done
Shutting down, this might take some time.
Exiting because a job execution failed. Look above for error message
Complete log: .snakemake/log/2025-06-13T102240.169130.snakemake.log
WorkflowError:
At least one job did not complete successfully.
